document.getElementById('login-form').addEventListener('submit', function(event) {
    event.preventDefault();  // Evita que el formulario se envíe de manera tradicional

    const username = document.getElementById('username').value;
    const password = document.getElementById('password').value;

    console.log("Username: ", username);
    console.log("Password: ", password);

    // Enviar los datos con AJAX
    const xhr = new XMLHttpRequest();
    xhr.open('POST', 'login.php', true);
    xhr.setRequestHeader('Content-Type', 'application/x-www-form-urlencoded');

    xhr.onload = function() {
        if (xhr.status === 200) {
            // Procesar la respuesta del servidor
            console.log("Server Response: ", xhr.responseText);
            if (xhr.responseText === 'success') {
                window.location.href = 'InicioPaguina.html';  // Redirigir si es exitoso
            } else {
                showError(xhr.responseText);  // Mostrar el error devuelto por PHP
            }
        }
    };

    xhr.send(`username=${encodeURIComponent(username)}&password=${encodeURIComponent(password)}`);
});
